<?xml version="1.0" encoding="UTF-8"?>
<testsuites name="Mocha Tests" time="0.0000" tests="1" failures="1">
  <testsuite name="Root Suite" timestamp="2021-10-30T06:06:35" tests="0" file="cypress/integration/test/flows/CDT/3.Cliente_PEP.js" time="0.0000" failures="0">
  </testsuite>
  <testsuite name="Sprint 77" timestamp="2021-10-30T06:06:35" tests="1" time="15.8720" failures="1">
    <testcase name="Sprint 77 PBA-3717 - CDT - Cliente PEP" time="0.0000" classname="PBA-3717 - CDT - Cliente PEP">
      <failure message="Timed out retrying: Expected to find element: &apos;#SelectAccountTypeButton&apos;, but never found it." type="CypressError"><![CDATA[CypressError: Timed out retrying: Expected to find element: '#SelectAccountTypeButton', but never found it.
    at Object.cypressErr (https://rb-pasivo-dev-front.avaldigitallabs.com/__cypress/runner/cypress_runner.js:86207:11)
    at Object.throwErr (https://rb-pasivo-dev-front.avaldigitallabs.com/__cypress/runner/cypress_runner.js:86162:18)
    at Object.throwErrByPath (https://rb-pasivo-dev-front.avaldigitallabs.com/__cypress/runner/cypress_runner.js:86194:17)
    at retry (https://rb-pasivo-dev-front.avaldigitallabs.com/__cypress/runner/cypress_runner.js:76849:16)
    at onFailFn (https://rb-pasivo-dev-front.avaldigitallabs.com/__cypress/runner/cypress_runner.js:65634:16)
    at tryCatcher (https://rb-pasivo-dev-front.avaldigitallabs.com/__cypress/runner/cypress_runner.js:120203:23)
    at Promise._settlePromiseFromHandler (https://rb-pasivo-dev-front.avaldigitallabs.com/__cypress/runner/cypress_runner.js:118139:31)
    at Promise._settlePromise (https://rb-pasivo-dev-front.avaldigitallabs.com/__cypress/runner/cypress_runner.js:118196:18)
    at Promise._settlePromise0 (https://rb-pasivo-dev-front.avaldigitallabs.com/__cypress/runner/cypress_runner.js:118241:10)
    at Promise._settlePromises (https://rb-pasivo-dev-front.avaldigitallabs.com/__cypress/runner/cypress_runner.js:118316:18)
    at Async../node_modules/bluebird/js/release/async.js.Async._drainQueue (https://rb-pasivo-dev-front.avaldigitallabs.com/__cypress/runner/cypress_runner.js:114928:16)
    at Async../node_modules/bluebird/js/release/async.js.Async._drainQueues (https://rb-pasivo-dev-front.avaldigitallabs.com/__cypress/runner/cypress_runner.js:114938:10)
    at Async.drainQueues (https://rb-pasivo-dev-front.avaldigitallabs.com/__cypress/runner/cypress_runner.js:114812:14)]]></failure>
    </testcase>
  </testsuite>
</testsuites>